[35m[1mConsolidate compiler generated dependencies of target demo_keycontrol[0m
[35m[1mConsolidate compiler generated dependencies of target demo_keyboard_control[0m
[  6%] Built target demo_connect_tm
[ 18%] Built target demo_send_script
[ 25%] Built target demo_set_event
[ 25%] Built target demo_write_item
[ 28%] [32mBuilding CXX object CMakeFiles/demo_keycontrol.dir/src/demo_keycontrol.cpp.o[0m
[ 34%] Built target demo_ask_sta
[ 40%] Built target demo_set_io
[ 46%] Built target demo_keyboard_control
[ 53%] Built target demo_set_positions
[ 59%] Built target demo_get_feedback
[ 65%] Built target demo_ask_item
[ 71%] Built target demo_get_torque_feedback
[ 78%] Built target demo_get_svr_response
[ 84%] Built target demo_get_sta_response
[ 90%] Built target demo_leave_listen_node
[ 96%] Built target demo_get_sct_response
[01m[K/home/sazma/ws_future/src/tmr_ros2/demo/src/demo_keycontrol.cpp:6:10:[m[K [01;31m[Kfatal error: [m[Kncurses.h: No such file or directory
    6 | #include [01;31m[K<ncurses.h>[m[K
      |          [01;31m[K^~~~~~~~~~~[m[K
compilation terminated.
gmake[2]: *** [CMakeFiles/demo_keycontrol.dir/build.make:76: CMakeFiles/demo_keycontrol.dir/src/demo_keycontrol.cpp.o] Error 1
gmake[1]: *** [CMakeFiles/Makefile2:219: CMakeFiles/demo_keycontrol.dir/all] Error 2
gmake: *** [Makefile:146: all] Error 2
