[01m[K/home/sazma/ws_future/src/tmr_ros2/demo/src/demo_get_and_control.cpp:[m[K In member function â€˜[01m[Kvoid MinimalSubscriber::topic_callback(const Mpu&)[m[Kâ€™:
[01m[K/home/sazma/ws_future/src/tmr_ros2/demo/src/demo_get_and_control.cpp:37:9:[m[K [01;31m[Kerror: [m[Kâ€˜[01m[Kdtx[m[Kâ€™ was not declared in this scope; did you mean â€˜[01m[Kdtx_[m[Kâ€™?
   37 |         [01;31m[Kdtx[m[K = 0;
      |         [01;31m[K^~~[m[K
      |         [32m[Kdtx_[m[K
[01m[K/home/sazma/ws_future/src/tmr_ros2/demo/src/demo_get_and_control.cpp:38:9:[m[K [01;31m[Kerror: [m[Kâ€˜[01m[Kdty[m[Kâ€™ was not declared in this scope; did you mean â€˜[01m[Kdty_[m[Kâ€™?
   38 |         [01;31m[Kdty[m[K = 0;
      |         [01;31m[K^~~[m[K
      |         [32m[Kdty_[m[K
[01m[K/home/sazma/ws_future/src/tmr_ros2/demo/src/demo_get_and_control.cpp:39:9:[m[K [01;31m[Kerror: [m[Kâ€˜[01m[Kdtz[m[Kâ€™ was not declared in this scope; did you mean â€˜[01m[Kdtz_[m[Kâ€™?
   39 |         [01;31m[Kdtz[m[K = 0;
      |         [01;31m[K^~~[m[K
      |         [32m[Kdtz_[m[K
[01m[K/home/sazma/ws_future/src/tmr_ros2/demo/src/demo_get_and_control.cpp:[m[K In function â€˜[01m[Kint main(int, char**)[m[Kâ€™:
[01m[K/home/sazma/ws_future/src/tmr_ros2/demo/src/demo_get_and_control.cpp:124:1:[m[K [01;35m[Kwarning: [m[Klabel â€˜[01m[Kexit_loop[m[Kâ€™ defined but not used [[01;35m[K]8;;https://gcc.gnu.org/onlinedocs/gcc/Warning-Options.html#index-Wunused-label-Wunused-label]8;;[m[K]
  124 | [01;35m[Kexit_loop[m[K:
      | [01;35m[K^~~~~~~~~[m[K
gmake[2]: *** [CMakeFiles/demo_get_and_control.dir/build.make:76: CMakeFiles/demo_get_and_control.dir/src/demo_get_and_control.cpp.o] Error 1
gmake[1]: *** [CMakeFiles/Makefile2:171: CMakeFiles/demo_get_and_control.dir/all] Error 2
gmake: *** [Makefile:146: all] Error 2
