[01m[K/home/sazma/ws_future/src/tmr_ros2/demo/src/demo_keycontrol.cpp:[m[K In function â€˜[01m[Kint main(int, char**)[m[Kâ€™:
[01m[K/home/sazma/ws_future/src/tmr_ros2/demo/src/demo_keycontrol.cpp:57:5:[m[K [01;31m[Kerror: [m[Kâ€˜[01m[Kinitscr[m[Kâ€™ was not declared in this scope
   57 |     [01;31m[Kinitscr[m[K();   // Initialize ncurses
      |     [01;31m[K^~~~~~~[m[K
[01m[K/home/sazma/ws_future/src/tmr_ros2/demo/src/demo_keycontrol.cpp:58:5:[m[K [01;31m[Kerror: [m[Kâ€˜[01m[Ktimeout[m[Kâ€™ was not declared in this scope
   58 |     [01;31m[Ktimeout[m[K(100); // Set a timeout for the getch function so it doesn't block indefinitely
      |     [01;31m[K^~~~~~~[m[K
[01m[K/home/sazma/ws_future/src/tmr_ros2/demo/src/demo_keycontrol.cpp:58:5:[m[K [01;36m[Knote: [m[Ksuggested alternatives:
In file included from [01m[K/opt/ros/humble/include/rclcpp/rclcpp/executors.hpp:18[m[K,
                 from [01m[K/opt/ros/humble/include/rclcpp/rclcpp/rclcpp.hpp:155[m[K,
                 from [01m[K/home/sazma/ws_future/src/tmr_ros2/demo/src/demo_keycontrol.cpp:9[m[K:
[01m[K/usr/include/c++/11/future:176:5:[m[K [01;36m[Knote: [m[K  â€˜[01m[Kstd::future_status::timeout[m[Kâ€™
  176 |     [01;36m[Ktimeout[m[K,
      |     [01;36m[K^~~~~~~[m[K
In file included from [01m[K/usr/include/c++/11/future:39[m[K,
                 from [01m[K/opt/ros/humble/include/rclcpp/rclcpp/executors.hpp:18[m[K,
                 from [01m[K/opt/ros/humble/include/rclcpp/rclcpp/rclcpp.hpp:155[m[K,
                 from [01m[K/home/sazma/ws_future/src/tmr_ros2/demo/src/demo_keycontrol.cpp:9[m[K:
[01m[K/usr/include/c++/11/condition_variable:65:38:[m[K [01;36m[Knote: [m[K  â€˜[01m[Kstd::cv_status::timeout[m[Kâ€™
   65 |   enum class cv_status { no_timeout, [01;36m[Ktimeout[m[K };
      |                                      [01;36m[K^~~~~~~[m[K
[01m[K/home/sazma/ws_future/src/tmr_ros2/demo/src/demo_keycontrol.cpp:59:5:[m[K [01;31m[Kerror: [m[Kâ€˜[01m[Knoecho[m[Kâ€™ was not declared in this scope
   59 |     [01;31m[Knoecho[m[K();    // Don't display pressed keys
      |     [01;31m[K^~~~~~[m[K
[01m[K/home/sazma/ws_future/src/tmr_ros2/demo/src/demo_keycontrol.cpp:60:5:[m[K [01;31m[Kerror: [m[Kâ€˜[01m[Kcbreak[m[Kâ€™ was not declared in this scope
   60 |     [01;31m[Kcbreak[m[K();    // Disable line buffering
      |     [01;31m[K^~~~~~[m[K
[01m[K/home/sazma/ws_future/src/tmr_ros2/demo/src/demo_keycontrol.cpp:64:18:[m[K [01;31m[Kerror: [m[Kâ€˜[01m[Kgetch[m[Kâ€™ was not declared in this scope; did you mean â€˜[01m[Kgetc[m[Kâ€™?
   64 |         int ch = [01;31m[Kgetch[m[K();
      |                  [01;31m[K^~~~~[m[K
      |                  [32m[Kgetc[m[K
[01m[K/home/sazma/ws_future/src/tmr_ros2/demo/src/demo_keycontrol.cpp:91:5:[m[K [01;31m[Kerror: [m[Kâ€˜[01m[Kendwin[m[Kâ€™ was not declared in this scope
   91 |     [01;31m[Kendwin[m[K();  // End ncurses mode
      |     [01;31m[K^~~~~~[m[K
gmake[2]: *** [CMakeFiles/demo_keycontrol.dir/build.make:76: CMakeFiles/demo_keycontrol.dir/src/demo_keycontrol.cpp.o] Error 1
gmake[1]: *** [CMakeFiles/Makefile2:219: CMakeFiles/demo_keycontrol.dir/all] Error 2
gmake[1]: *** Waiting for unfinished jobs....
gmake: *** [Makefile:146: all] Error 2
