-- Found ament_cmake: 1.3.5 (/opt/ros/humble/share/ament_cmake/cmake)
-- Found rclcpp: 16.0.6 (/opt/ros/humble/share/rclcpp/cmake)
-- Found rosidl_generator_c: 3.1.5 (/opt/ros/humble/share/rosidl_generator_c/cmake)
-- Found rosidl_adapter: 3.1.5 (/opt/ros/humble/share/rosidl_adapter/cmake)
-- Found rosidl_generator_cpp: 3.1.5 (/opt/ros/humble/share/rosidl_generator_cpp/cmake)
-- Using all available rosidl_typesupport_c: rosidl_typesupport_fastrtps_c;rosidl_typesupport_introspection_c
-- Using all available rosidl_typesupport_cpp: rosidl_typesupport_fastrtps_cpp;rosidl_typesupport_introspection_cpp
-- Found rmw_implementation_cmake: 6.1.1 (/opt/ros/humble/share/rmw_implementation_cmake/cmake)
-- Found rmw_fastrtps_cpp: 6.2.4 (/opt/ros/humble/share/rmw_fastrtps_cpp/cmake)
-- Using RMW implementation 'rmw_fastrtps_cpp' as default
-- Found sensor_msgs: 4.2.3 (/opt/ros/humble/share/sensor_msgs/cmake)
-- Found tm_msgs: 1.1.2 (/home/sazma/ws_future/install/tm_msgs/share/tm_msgs/cmake)
-- Found ament_lint_auto: 0.12.8 (/opt/ros/humble/share/ament_lint_auto/cmake)
-- Added test 'copyright' to check source files copyright and LICENSE
-- Added test 'cppcheck' to perform static code analysis on C / C++ code
-- Configured cppcheck include dirs: /home/sazma/ws_future/src/tmr_ros2/demo/include
-- Configured cppcheck exclude dirs and/or files: 
-- Added test 'cpplint' to check C / C++ code against the Google style
-- Configured cpplint exclude dirs and/or files: 
-- Added test 'lint_cmake' to check CMake code style
-- Added test 'uncrustify' to check C / C++ code style
-- Configured uncrustify additional arguments: 
-- Added test 'xmllint' to check XML markup files
-- Configuring done
-- Generating done
-- Build files have been written to: /home/sazma/ws_future/build/demo
[35m[1mConsolidate compiler generated dependencies of target demo_ask_sta[0m
[35m[1mConsolidate compiler generated dependencies of target demo_set_event[0m
[35m[1mConsolidate compiler generated dependencies of target demo_keyboard_control[0m
[35m[1mConsolidate compiler generated dependencies of target demo_connect_tm[0m
[35m[1mConsolidate compiler generated dependencies of target demo_set_io[0m
[35m[1mConsolidate compiler generated dependencies of target demo_send_script[0m
[35m[1mConsolidate compiler generated dependencies of target demo_write_item[0m
[35m[1mConsolidate compiler generated dependencies of target demo_get_torque_feedback[0m
[35m[1mConsolidate compiler generated dependencies of target demo_set_positions[0m
[35m[1mConsolidate compiler generated dependencies of target demo_get_feedback[0m
[35m[1mConsolidate compiler generated dependencies of target demo_ask_item[0m
[  3%] [32mBuilding CXX object CMakeFiles/demo_keycontrol.dir/src/demo_keycontrol.cpp.o[0m
[ 15%] [32mBuilding CXX object CMakeFiles/demo_keyboard_control.dir/src/demo_keyboard_control.cpp.o[0m
[ 18%] Built target demo_send_script
[ 18%] Built target demo_ask_sta
[ 25%] Built target demo_connect_tm
[ 31%] Built target demo_set_io
[ 37%] Built target demo_set_event
[ 43%] Built target demo_get_torque_feedback
[ 50%] Built target demo_write_item
[ 59%] Built target demo_set_positions
[ 62%] Built target demo_get_feedback
[35m[1mConsolidate compiler generated dependencies of target demo_get_sct_response[0m
[ 68%] Built target demo_ask_item
[35m[1mConsolidate compiler generated dependencies of target demo_get_sta_response[0m
[35m[1mConsolidate compiler generated dependencies of target demo_get_svr_response[0m
[35m[1mConsolidate compiler generated dependencies of target demo_leave_listen_node[0m
[ 78%] Built target demo_get_sta_response
[ 81%] Built target demo_get_sct_response
[ 87%] Built target demo_get_svr_response
[ 93%] Built target demo_leave_listen_node
[01m[K/home/sazma/ws_future/src/tmr_ros2/demo/src/demo_keycontrol.cpp:[m[K In function â€˜[01m[Kint main(int, char**)[m[Kâ€™:
[01m[K/home/sazma/ws_future/src/tmr_ros2/demo/src/demo_keycontrol.cpp:57:5:[m[K [01;31m[Kerror: [m[Kâ€˜[01m[Kinitscr[m[Kâ€™ was not declared in this scope
   57 |     [01;31m[Kinitscr[m[K();   // Initialize ncurses
      |     [01;31m[K^~~~~~~[m[K
[01m[K/home/sazma/ws_future/src/tmr_ros2/demo/src/demo_keycontrol.cpp:58:5:[m[K [01;31m[Kerror: [m[Kâ€˜[01m[Ktimeout[m[Kâ€™ was not declared in this scope
   58 |     [01;31m[Ktimeout[m[K(100); // Set a timeout for the getch function so it doesn't block indefinitely
      |     [01;31m[K^~~~~~~[m[K
[01m[K/home/sazma/ws_future/src/tmr_ros2/demo/src/demo_keycontrol.cpp:58:5:[m[K [01;36m[Knote: [m[Ksuggested alternatives:
In file included from [01m[K/opt/ros/humble/include/rclcpp/rclcpp/executors.hpp:18[m[K,
                 from [01m[K/opt/ros/humble/include/rclcpp/rclcpp/rclcpp.hpp:155[m[K,
                 from [01m[K/home/sazma/ws_future/src/tmr_ros2/demo/src/demo_keycontrol.cpp:9[m[K:
[01m[K/usr/include/c++/11/future:176:5:[m[K [01;36m[Knote: [m[K  â€˜[01m[Kstd::future_status::timeout[m[Kâ€™
  176 |     [01;36m[Ktimeout[m[K,
      |     [01;36m[K^~~~~~~[m[K
In file included from [01m[K/usr/include/c++/11/future:39[m[K,
                 from [01m[K/opt/ros/humble/include/rclcpp/rclcpp/executors.hpp:18[m[K,
                 from [01m[K/opt/ros/humble/include/rclcpp/rclcpp/rclcpp.hpp:155[m[K,
                 from [01m[K/home/sazma/ws_future/src/tmr_ros2/demo/src/demo_keycontrol.cpp:9[m[K:
[01m[K/usr/include/c++/11/condition_variable:65:38:[m[K [01;36m[Knote: [m[K  â€˜[01m[Kstd::cv_status::timeout[m[Kâ€™
   65 |   enum class cv_status { no_timeout, [01;36m[Ktimeout[m[K };
      |                                      [01;36m[K^~~~~~~[m[K
[01m[K/home/sazma/ws_future/src/tmr_ros2/demo/src/demo_keycontrol.cpp:59:5:[m[K [01;31m[Kerror: [m[Kâ€˜[01m[Knoecho[m[Kâ€™ was not declared in this scope
   59 |     [01;31m[Knoecho[m[K();    // Don't display pressed keys
      |     [01;31m[K^~~~~~[m[K
[01m[K/home/sazma/ws_future/src/tmr_ros2/demo/src/demo_keycontrol.cpp:60:5:[m[K [01;31m[Kerror: [m[Kâ€˜[01m[Kcbreak[m[Kâ€™ was not declared in this scope
   60 |     [01;31m[Kcbreak[m[K();    // Disable line buffering
      |     [01;31m[K^~~~~~[m[K
[01m[K/home/sazma/ws_future/src/tmr_ros2/demo/src/demo_keycontrol.cpp:64:18:[m[K [01;31m[Kerror: [m[Kâ€˜[01m[Kgetch[m[Kâ€™ was not declared in this scope; did you mean â€˜[01m[Kgetc[m[Kâ€™?
   64 |         int ch = [01;31m[Kgetch[m[K();
      |                  [01;31m[K^~~~~[m[K
      |                  [32m[Kgetc[m[K
[01m[K/home/sazma/ws_future/src/tmr_ros2/demo/src/demo_keycontrol.cpp:91:5:[m[K [01;31m[Kerror: [m[Kâ€˜[01m[Kendwin[m[Kâ€™ was not declared in this scope
   91 |     [01;31m[Kendwin[m[K();  // End ncurses mode
      |     [01;31m[K^~~~~~[m[K
gmake[2]: *** [CMakeFiles/demo_keycontrol.dir/build.make:76: CMakeFiles/demo_keycontrol.dir/src/demo_keycontrol.cpp.o] Error 1
gmake[1]: *** [CMakeFiles/Makefile2:219: CMakeFiles/demo_keycontrol.dir/all] Error 2
gmake[1]: *** Waiting for unfinished jobs....
[ 96%] [32m[1mLinking CXX executable demo_keyboard_control[0m
[ 96%] Built target demo_keyboard_control
gmake: *** [Makefile:146: all] Error 2
