In file included from [01m[K/opt/ros/humble/include/rclcpp/rclcpp/client.hpp:40[m[K,
                 from [01m[K/opt/ros/humble/include/rclcpp/rclcpp/callback_group.hpp:24[m[K,
                 from [01m[K/opt/ros/humble/include/rclcpp/rclcpp/any_executable.hpp:20[m[K,
                 from [01m[K/opt/ros/humble/include/rclcpp/rclcpp/memory_strategy.hpp:25[m[K,
                 from [01m[K/opt/ros/humble/include/rclcpp/rclcpp/memory_strategies.hpp:18[m[K,
                 from [01m[K/opt/ros/humble/include/rclcpp/rclcpp/executor_options.hpp:20[m[K,
                 from [01m[K/opt/ros/humble/include/rclcpp/rclcpp/executor.hpp:37[m[K,
                 from [01m[K/opt/ros/humble/include/rclcpp/rclcpp/executors/multi_threaded_executor.hpp:25[m[K,
                 from [01m[K/opt/ros/humble/include/rclcpp/rclcpp/executors.hpp:21[m[K,
                 from [01m[K/opt/ros/humble/include/rclcpp/rclcpp/rclcpp.hpp:155[m[K,
                 from [01m[K/home/sazma/ws_future/src/tmr_ros2/demo/src/demo_get_and_control.cpp:1[m[K:
[01m[K/home/sazma/ws_future/src/tmr_ros2/demo/src/demo_get_and_control.cpp:[m[K In member function â€˜[01m[Kvoid MinimalSubscriber::topic_callback(const Mpu&)[m[Kâ€™:
[01m[K/home/sazma/ws_future/src/tmr_ros2/demo/src/demo_get_and_control.cpp:37:21:[m[K [01;31m[Kerror: [m[Kâ€˜[01m[Knode[m[Kâ€™ was not declared in this scope; did you mean â€˜[01m[KNode[m[Kâ€™?
   37 |         RCLCPP_INFO([01;31m[Knode[m[K->get_logger(), "Received: dx=%f, dy=%f, dz=%f, dtx=%f, dty=%f, dtz=%f", dx_, dy_, dz_, dtx_, dty_, dtz_);
      |                     [01;31m[K^~~~[m[K
[01m[K/home/sazma/ws_future/src/tmr_ros2/demo/src/demo_get_and_control.cpp:37:9:[m[K [01;31m[Kerror: [m[Ktemplate argument 1 is invalid
   37 |         [01;31m[KRCLCPP_INFO[m[K(node->get_logger(), "Received: dx=%f, dy=%f, dz=%f, dtx=%f, dty=%f, dtz=%f", dx_, dy_, dz_, dtx_, dty_, dtz_);
      |         [01;31m[K^~~~~~~~~~~[m[K
[01m[K/home/sazma/ws_future/src/tmr_ros2/demo/src/demo_get_and_control.cpp:37:9:[m[K [01;31m[Kerror: [m[Kâ€˜[01m[K<declaration error>[m[Kâ€™ is not a template [[01;31m[K]8;;https://gcc.gnu.org/onlinedocs/gcc/Warning-Options.html#index-fpermissive-fpermissive]8;;[m[K]
   37 |         [01;31m[KRCLCPP_INFO[m[K(node->get_logger(), "Received: dx=%f, dy=%f, dz=%f, dtx=%f, dty=%f, dtz=%f", dx_, dy_, dz_, dtx_, dty_, dtz_);
      |         [01;31m[K^~~~~~~~~~~[m[K
[01m[K/home/sazma/ws_future/src/tmr_ros2/demo/src/demo_get_and_control.cpp:37:9:[m[K [01;31m[Kerror: [m[Ktemplate argument 1 is invalid
   37 |         [01;31m[KRCLCPP_INFO[m[K(node->get_logger(), "Received: dx=%f, dy=%f, dz=%f, dtx=%f, dty=%f, dtz=%f", dx_, dy_, dz_, dtx_, dty_, dtz_);
      |         [01;31m[K^~~~~~~~~~~[m[K
[01m[K/home/sazma/ws_future/src/tmr_ros2/demo/src/demo_get_and_control.cpp:37:9:[m[K [01;31m[Kerror: [m[Kâ€˜[01m[K<declaration error>[m[Kâ€™ is not a template [[01;31m[K]8;;https://gcc.gnu.org/onlinedocs/gcc/Warning-Options.html#index-fpermissive-fpermissive]8;;[m[K]
   37 |         [01;31m[KRCLCPP_INFO[m[K(node->get_logger(), "Received: dx=%f, dy=%f, dz=%f, dtx=%f, dty=%f, dtz=%f", dx_, dy_, dz_, dtx_, dty_, dtz_);
      |         [01;31m[K^~~~~~~~~~~[m[K
[01m[K/home/sazma/ws_future/src/tmr_ros2/demo/src/demo_get_and_control.cpp:37:9:[m[K [01;31m[Kerror: [m[Ktemplate argument 1 is invalid
   37 |         [01;31m[KRCLCPP_INFO[m[K(node->get_logger(), "Received: dx=%f, dy=%f, dz=%f, dtx=%f, dty=%f, dtz=%f", dx_, dy_, dz_, dtx_, dty_, dtz_);
      |         [01;31m[K^~~~~~~~~~~[m[K
[01m[K/home/sazma/ws_future/src/tmr_ros2/demo/src/demo_get_and_control.cpp:[m[K In function â€˜[01m[Kint main(int, char**)[m[Kâ€™:
[01m[K/home/sazma/ws_future/src/tmr_ros2/demo/src/demo_get_and_control.cpp:125:1:[m[K [01;35m[Kwarning: [m[Klabel â€˜[01m[Kexit_loop[m[Kâ€™ defined but not used [[01;35m[K]8;;https://gcc.gnu.org/onlinedocs/gcc/Warning-Options.html#index-Wunused-label-Wunused-label]8;;[m[K]
  125 | [01;35m[Kexit_loop[m[K:
      | [01;35m[K^~~~~~~~~[m[K
gmake[2]: *** [CMakeFiles/demo_get_and_control.dir/build.make:76: CMakeFiles/demo_get_and_control.dir/src/demo_get_and_control.cpp.o] Error 1
gmake[1]: *** [CMakeFiles/Makefile2:171: CMakeFiles/demo_get_and_control.dir/all] Error 2
gmake: *** [Makefile:146: all] Error 2
