[35m[1mConsolidate compiler generated dependencies of target demo_keycontrol[0m
[ 31%] Built target demo_keyboard_control
[ 31%] Built target demo_set_event
[ 31%] Built target demo_send_script
[ 31%] Built target demo_ask_item
[ 31%] Built target demo_write_item
[ 37%] Built target demo_set_positions
[ 50%] Built target demo_ask_sta
[ 56%] Built target demo_connect_tm
[ 62%] Built target demo_get_feedback
[ 62%] Built target demo_get_torque_feedback
[ 68%] Built target demo_set_io
[ 71%] [32mBuilding CXX object CMakeFiles/demo_keycontrol.dir/src/demo_keycontrol.cpp.o[0m
[ 90%] Built target demo_leave_listen_node
[ 96%] Built target demo_get_sta_response
[ 96%] Built target demo_get_svr_response
[ 96%] Built target demo_get_sct_response
[01m[K/home/sazma/ws_future/src/tmr_ros2/demo/src/demo_keycontrol.cpp:[m[K In function â€˜[01m[Kint main(int, char**)[m[Kâ€™:
[01m[K/home/sazma/ws_future/src/tmr_ros2/demo/src/demo_keycontrol.cpp:80:18:[m[K [01;31m[Kerror: [m[Kâ€˜[01m[KKEY_SHIFT_L[m[Kâ€™ was not declared in this scope; did you mean â€˜[01m[KKEY_SLEFT[m[Kâ€™?
   80 |             case [01;31m[KKEY_SHIFT_L[m[K:
      |                  [01;31m[K^~~~~~~~~~~[m[K
      |                  [32m[KKEY_SLEFT[m[K
gmake[2]: *** [CMakeFiles/demo_keycontrol.dir/build.make:76: CMakeFiles/demo_keycontrol.dir/src/demo_keycontrol.cpp.o] Error 1
gmake[1]: *** [CMakeFiles/Makefile2:219: CMakeFiles/demo_keycontrol.dir/all] Error 2
gmake: *** [Makefile:146: all] Error 2
