[01m[K/home/sazma/ws_future/src/tmr_ros2/demo/src/demo_get_and_control.cpp:[m[K In function â€˜[01m[Kint main(int, char**)[m[Kâ€™:
[01m[K/home/sazma/ws_future/src/tmr_ros2/demo/src/demo_get_and_control.cpp:106:33:[m[K [01;31m[Kerror: [m[Kâ€˜[01m[Kbool MinimalSubscriber::new_data_received_[m[Kâ€™ is private within this context
  106 |             minimal_subscriber->[01;31m[Knew_data_received_[m[K = false;
      |                                 [01;31m[K^~~~~~~~~~~~~~~~~~[m[K
[01m[K/home/sazma/ws_future/src/tmr_ros2/demo/src/demo_get_and_control.cpp:41:10:[m[K [01;36m[Knote: [m[Kdeclared private here
   41 |     bool [01;36m[Knew_data_received_[m[K = false;
      |          [01;36m[K^~~~~~~~~~~~~~~~~~[m[K
[01m[K/home/sazma/ws_future/src/tmr_ros2/demo/src/demo_get_and_control.cpp:86:9:[m[K [01;35m[Kwarning: [m[Kunused variable â€˜[01m[Ki[m[Kâ€™ [[01;35m[K]8;;https://gcc.gnu.org/onlinedocs/gcc/Warning-Options.html#index-Wunused-variable-Wunused-variable]8;;[m[K]
   86 |     int [01;35m[Ki[m[K = 0;
      |         [01;35m[K^[m[K
[01m[K/home/sazma/ws_future/src/tmr_ros2/demo/src/demo_get_and_control.cpp:122:1:[m[K [01;35m[Kwarning: [m[Klabel â€˜[01m[Kexit_loop[m[Kâ€™ defined but not used [[01;35m[K]8;;https://gcc.gnu.org/onlinedocs/gcc/Warning-Options.html#index-Wunused-label-Wunused-label]8;;[m[K]
  122 | [01;35m[Kexit_loop[m[K:
      | [01;35m[K^~~~~~~~~[m[K
gmake[2]: *** [CMakeFiles/demo_get_and_control.dir/build.make:76: CMakeFiles/demo_get_and_control.dir/src/demo_get_and_control.cpp.o] Error 1
gmake[1]: *** [CMakeFiles/Makefile2:171: CMakeFiles/demo_get_and_control.dir/all] Error 2
gmake: *** [Makefile:146: all] Error 2
