[01m[K/home/sazma/ws_future/src/tmr_ros2/demo/src/demo_get_and_control.cpp:[m[K In function â€˜[01m[Kint main(int, char**)[m[Kâ€™:
[01m[K/home/sazma/ws_future/src/tmr_ros2/demo/src/demo_get_and_control.cpp:118:5:[m[K [01;31m[Kerror: [m[Kâ€˜[01m[Kendwin[m[Kâ€™ was not declared in this scope
  118 |     [01;31m[Kendwin[m[K();  // End ncurses mode
      |     [01;31m[K^~~~~~[m[K
[01m[K/home/sazma/ws_future/src/tmr_ros2/demo/src/demo_get_and_control.cpp:117:1:[m[K [01;35m[Kwarning: [m[Klabel â€˜[01m[Kexit_loop[m[Kâ€™ defined but not used [[01;35m[K]8;;https://gcc.gnu.org/onlinedocs/gcc/Warning-Options.html#index-Wunused-label-Wunused-label]8;;[m[K]
  117 | [01;35m[Kexit_loop[m[K:
      | [01;35m[K^~~~~~~~~[m[K
gmake[2]: *** [CMakeFiles/demo_get_and_control.dir/build.make:76: CMakeFiles/demo_get_and_control.dir/src/demo_get_and_control.cpp.o] Error 1
gmake[1]: *** [CMakeFiles/Makefile2:171: CMakeFiles/demo_get_and_control.dir/all] Error 2
gmake[1]: *** Waiting for unfinished jobs....
gmake: *** [Makefile:146: all] Error 2
