[35m[1mConsolidate compiler generated dependencies of target demo_get_and_control[0m
[ 38%] Built target demo_keyboard_control
[ 41%] Built target demo_keycontrol
[ 38%] [32mBuilding CXX object CMakeFiles/listener.dir/src/demo_subscriber.cpp.o[0m
[ 38%] Built target demo_ask_sta
[ 41%] Built target demo_set_positions
[ 38%] Built target demo_set_event
[ 41%] Built target demo_send_script
[ 38%] Built target demo_connect_tm
[ 47%] Built target demo_set_io
[ 52%] Built target demo_write_item
[ 58%] Built target demo_ask_item
[ 61%] [32mBuilding CXX object CMakeFiles/demo_get_and_control.dir/src/demo_get_and_control.cpp.o[0m
[ 69%] Built target demo_get_feedback
[ 72%] Built target demo_get_sta_response
[ 77%] Built target demo_get_torque_feedback
[ 83%] Built target demo_leave_listen_node
[ 88%] Built target demo_get_svr_response
[ 94%] Built target demo_get_sct_response
[01m[K/home/sazma/ws_future/src/tmr_ros2/demo/src/demo_get_and_control.cpp:[m[K In function â€˜[01m[Kint main(int, char**)[m[Kâ€™:
[01m[K/home/sazma/ws_future/src/tmr_ros2/demo/src/demo_get_and_control.cpp:118:5:[m[K [01;31m[Kerror: [m[Kâ€˜[01m[Kendwin[m[Kâ€™ was not declared in this scope
  118 |     [01;31m[Kendwin[m[K();  // End ncurses mode
      |     [01;31m[K^~~~~~[m[K
[01m[K/home/sazma/ws_future/src/tmr_ros2/demo/src/demo_get_and_control.cpp:117:1:[m[K [01;35m[Kwarning: [m[Klabel â€˜[01m[Kexit_loop[m[Kâ€™ defined but not used [[01;35m[K]8;;https://gcc.gnu.org/onlinedocs/gcc/Warning-Options.html#index-Wunused-label-Wunused-label]8;;[m[K]
  117 | [01;35m[Kexit_loop[m[K:
      | [01;35m[K^~~~~~~~~[m[K
gmake[2]: *** [CMakeFiles/demo_get_and_control.dir/build.make:76: CMakeFiles/demo_get_and_control.dir/src/demo_get_and_control.cpp.o] Error 1
gmake[1]: *** [CMakeFiles/Makefile2:171: CMakeFiles/demo_get_and_control.dir/all] Error 2
gmake[1]: *** Waiting for unfinished jobs....
[ 97%] [32m[1mLinking CXX executable listener[0m
[ 97%] Built target listener
gmake: *** [Makefile:146: all] Error 2
